TN:
SF:src\add.js
FN:16,(anonymous_0)
FNF:1
FNH:1
FNDA:12,(anonymous_0)
DA:16,12
LF:1
LH:1
BRF:0
BRH:0
end_of_record
TN:
SF:src\capitalize.js
FN:17,(anonymous_0)
FNF:1
FNH:1
FNDA:11,(anonymous_0)
DA:17,11
LF:1
LH:1
BRF:0
BRH:0
end_of_record
TN:
SF:src\eq.js
FN:31,eq
FNF:1
FNH:1
FNDA:13,eq
DA:32,13
LF:1
LH:1
BRDA:32,0,0,13
BRDA:32,0,1,3
BRDA:32,0,2,1
BRF:3
BRH:3
end_of_record
TN:
SF:src\filter.js
FN:24,filter
FNF:1
FNH:1
FNDA:7,filter
DA:25,7
DA:26,7
DA:27,7
DA:28,7
DA:30,7
DA:31,23
DA:32,23
DA:33,9
DA:36,7
LF:9
LH:9
BRDA:27,0,0,1
BRDA:27,0,1,6
BRDA:32,1,0,9
BRDA:32,1,1,14
BRF:4
BRH:4
end_of_record
TN:
SF:src\isArguments.js
FN:19,isArguments
FNF:1
FNH:0
FNDA:0,isArguments
DA:20,0
LF:1
LH:0
BRDA:20,0,0,0
BRDA:20,0,1,0
BRF:2
BRH:0
end_of_record
TN:
SF:src\isArrayLike.js
FN:26,isArrayLike
FNF:1
FNH:1
FNDA:23,isArrayLike
DA:27,23
LF:1
LH:1
BRDA:27,0,0,23
BRDA:27,0,1,23
BRDA:27,0,2,23
BRF:3
BRH:3
end_of_record
TN:
SF:src\isBuffer.js
FN:33,(anonymous_0)
FNF:1
FNH:1
FNDA:2,(anonymous_0)
DA:4,2
DA:7,2
DA:10,2
DA:13,2
DA:16,2
DA:33,2
LF:6
LH:6
BRDA:4,0,0,2
BRDA:4,0,1,0
BRDA:4,0,2,0
BRDA:4,0,3,0
BRDA:7,1,0,2
BRDA:7,1,1,0
BRDA:7,1,2,0
BRDA:7,1,3,0
BRDA:7,1,4,0
BRDA:10,2,0,2
BRDA:10,2,1,0
BRDA:13,3,0,0
BRDA:13,3,1,2
BRDA:16,4,0,0
BRDA:16,4,1,2
BRDA:33,5,0,2
BRDA:33,5,1,2
BRF:17
BRH:7
end_of_record
TN:
SF:src\isEmpty.js
FN:45,isEmpty
FNF:1
FNH:1
FNDA:23,isEmpty
DA:9,1
DA:46,23
DA:47,2
DA:49,21
DA:52,7
DA:54,14
DA:55,14
DA:56,4
DA:58,10
DA:59,0
DA:61,10
DA:62,1
DA:63,1
DA:66,9
LF:14
LH:13
BRDA:46,0,0,2
BRDA:46,0,1,21
BRDA:49,1,0,7
BRDA:49,1,1,14
BRDA:49,2,0,21
BRDA:49,2,1,7
BRDA:49,2,2,5
BRDA:49,2,3,2
BRDA:49,2,4,2
BRDA:49,2,5,2
BRDA:49,2,6,0
BRDA:55,3,0,4
BRDA:55,3,1,10
BRDA:55,4,0,14
BRDA:55,4,1,12
BRDA:58,5,0,0
BRDA:58,5,1,10
BRDA:62,6,0,1
BRDA:62,6,1,0
BRF:19
BRH:16
end_of_record
TN:
SF:src\isLength.js
FN:28,isLength
FNF:1
FNH:1
FNDA:23,isLength
DA:2,2
DA:29,23
LF:2
LH:2
BRDA:29,0,0,23
BRDA:29,0,1,7
BRDA:29,0,2,7
BRDA:29,0,3,7
BRF:4
BRH:4
end_of_record
TN:
SF:src\isObject.js
FN:24,isObject
FNF:1
FNH:1
FNDA:19,isObject
DA:25,19
DA:26,19
LF:2
LH:2
BRDA:26,0,0,19
BRDA:26,0,1,17
BRDA:26,0,2,10
BRF:3
BRH:3
end_of_record
TN:
SF:src\isObjectLike.js
FN:23,isObjectLike
FNF:1
FNH:1
FNDA:2,isObjectLike
DA:24,2
LF:1
LH:1
BRDA:24,0,0,2
BRDA:24,0,1,2
BRF:2
BRH:2
end_of_record
TN:
SF:src\isSymbol.js
FN:18,isSymbol
FNF:1
FNH:1
FNDA:35,isSymbol
DA:19,35
DA:20,35
LF:2
LH:2
BRDA:20,0,0,35
BRDA:20,0,1,33
BRDA:20,0,2,8
BRDA:20,0,3,6
BRF:4
BRH:4
end_of_record
TN:
SF:src\isTypedArray.js
FN:27,(anonymous_0)
FN:28,(anonymous_1)
FNF:2
FNH:1
FNDA:0,(anonymous_0)
FNDA:2,(anonymous_1)
DA:6,2
DA:9,2
DA:26,2
DA:27,0
DA:28,2
LF:5
LH:4
BRDA:9,0,0,2
BRDA:9,0,1,0
BRDA:26,1,0,0
BRDA:26,1,1,2
BRDA:28,2,0,2
BRDA:28,2,1,2
BRF:6
BRH:4
end_of_record
TN:
SF:src\keys.js
FN:31,keys
FNF:1
FNH:1
FNDA:1,keys
DA:32,1
LF:1
LH:1
BRDA:32,0,0,0
BRDA:32,0,1,1
BRF:2
BRH:1
end_of_record
TN:
SF:src\map.js
FN:19,map
FNF:1
FNH:1
FNDA:7,map
DA:20,7
DA:21,7
DA:22,7
DA:24,7
DA:25,12
DA:27,7
LF:6
LH:6
BRDA:21,0,0,2
BRDA:21,0,1,5
BRF:2
BRH:2
end_of_record
TN:
SF:src\reduce.js
FN:38,reduce
FNF:1
FNH:1
FNDA:8,reduce
DA:39,8
DA:40,8
DA:41,8
LF:3
LH:3
BRDA:39,0,0,7
BRDA:39,0,1,1
BRF:2
BRH:2
end_of_record
TN:
SF:src\slice.js
FN:21,slice
FNF:1
FNH:0
FNDA:0,slice
DA:22,0
DA:23,0
DA:24,0
DA:26,0
DA:27,0
DA:29,0
DA:30,0
DA:32,0
DA:33,0
DA:35,0
DA:36,0
DA:38,0
DA:39,0
DA:40,0
DA:41,0
DA:43,0
LF:16
LH:0
BRDA:22,0,0,0
BRDA:22,0,1,0
BRDA:23,1,0,0
BRDA:23,1,1,0
BRDA:26,2,0,0
BRDA:26,2,1,0
BRDA:27,3,0,0
BRDA:27,3,1,0
BRDA:29,4,0,0
BRDA:29,4,1,0
BRDA:30,5,0,0
BRDA:30,5,1,0
BRDA:32,6,0,0
BRDA:32,6,1,0
BRDA:35,7,0,0
BRDA:35,7,1,0
BRF:16
BRH:0
end_of_record
TN:
SF:src\toNumber.js
FN:44,toNumber
FNF:1
FNH:1
FNDA:18,toNumber
DA:5,1
DA:8,1
DA:11,1
DA:14,1
DA:17,1
DA:20,1
DA:45,18
DA:46,2
DA:48,16
DA:49,1
DA:51,15
DA:52,4
DA:53,4
DA:55,15
DA:56,5
DA:58,10
DA:59,10
DA:60,10
LF:18
LH:18
BRDA:45,0,0,2
BRDA:45,0,1,16
BRDA:48,1,0,1
BRDA:48,1,1,15
BRDA:51,2,0,4
BRDA:51,2,1,11
BRDA:52,3,0,4
BRDA:52,3,1,0
BRDA:53,4,0,3
BRDA:53,4,1,1
BRDA:55,5,0,5
BRDA:55,5,1,10
BRDA:56,6,0,0
BRDA:56,6,1,5
BRDA:60,7,0,2
BRDA:60,7,1,8
BRDA:60,8,0,10
BRDA:60,8,1,9
BRDA:61,9,0,1
BRDA:61,9,1,1
BRDA:62,10,0,0
BRDA:62,10,1,8
BRF:22
BRH:19
end_of_record
TN:
SF:src\toString.js
FN:25,toString
FN:33,(anonymous_1)
FNF:2
FNH:2
FNDA:30,toString
FNDA:7,(anonymous_1)
DA:4,2
DA:28,30
DA:29,11
DA:31,19
DA:33,7
DA:35,17
DA:36,1
DA:38,16
DA:39,16
LF:9
LH:9
BRDA:28,0,0,11
BRDA:28,0,1,19
BRDA:31,1,0,2
BRDA:31,1,1,17
BRDA:33,2,0,2
BRDA:33,2,1,5
BRDA:35,3,0,1
BRDA:35,3,1,16
BRDA:39,4,0,1
BRDA:39,4,1,15
BRDA:39,5,0,16
BRDA:39,5,1,1
BRF:12
BRH:12
end_of_record
TN:
SF:src\upperFirst.js
FNF:0
FNH:0
DA:19,1
LF:1
LH:1
BRF:0
BRH:0
end_of_record
TN:
SF:src\words.js
FN:10,asciiWords
FN:30,words
FNF:2
FNH:2
FNDA:4,asciiWords
FNDA:16,words
DA:3,1
DA:8,1
DA:11,4
DA:31,16
DA:32,14
DA:33,13
DA:35,2
LF:7
LH:7
BRDA:31,0,0,14
BRDA:31,0,1,2
BRDA:32,1,0,10
BRDA:32,1,1,4
BRDA:33,2,0,13
BRDA:33,2,1,2
BRDA:35,3,0,2
BRDA:35,3,1,0
BRF:8
BRH:7
end_of_record
TN:
SF:src\.internal\arrayLikeKeys.js
FN:17,arrayLikeKeys
FNF:1
FNH:0
FNDA:0,arrayLikeKeys
DA:7,1
DA:18,0
DA:19,0
DA:20,0
DA:21,0
DA:22,0
DA:23,0
DA:24,0
DA:25,0
DA:26,0
DA:27,0
DA:29,0
DA:30,0
DA:37,0
DA:40,0
LF:15
LH:1
BRDA:19,0,0,0
BRDA:19,0,1,0
BRDA:20,1,0,0
BRDA:20,1,1,0
BRDA:20,1,2,0
BRDA:21,2,0,0
BRDA:21,2,1,0
BRDA:21,2,2,0
BRDA:21,2,3,0
BRDA:22,3,0,0
BRDA:22,3,1,0
BRDA:22,3,2,0
BRDA:22,3,3,0
BRDA:24,4,0,0
BRDA:24,4,1,0
BRDA:25,5,0,0
BRDA:25,5,1,0
BRDA:30,6,0,0
BRDA:30,6,1,0
BRDA:30,7,0,0
BRDA:30,7,1,0
BRDA:30,7,2,0
BRDA:31,8,0,0
BRDA:31,8,1,0
BRDA:31,8,2,0
BRF:25
BRH:0
end_of_record
TN:
SF:src\.internal\arrayReduce.js
FN:12,arrayReduce
FNF:1
FNH:1
FNDA:7,arrayReduce
DA:13,7
DA:14,7
DA:16,7
DA:17,0
DA:19,7
DA:20,20
DA:22,7
LF:7
LH:6
BRDA:14,0,0,0
BRDA:14,0,1,7
BRDA:16,1,0,0
BRDA:16,1,1,7
BRDA:16,2,0,7
BRDA:16,2,1,0
BRF:6
BRH:3
end_of_record
TN:
SF:src\.internal\asciiToArray.js
FN:8,asciiToArray
FNF:1
FNH:0
FNDA:0,asciiToArray
DA:9,0
LF:1
LH:0
BRF:0
BRH:0
end_of_record
TN:
SF:src\.internal\baseEach.js
FN:12,baseEach
FNF:1
FNH:1
FNDA:1,baseEach
DA:13,1
DA:14,0
DA:16,1
DA:17,1
DA:19,0
DA:20,0
DA:21,0
DA:23,0
DA:24,0
DA:25,0
DA:28,0
LF:11
LH:3
BRDA:13,0,0,0
BRDA:13,0,1,1
BRDA:16,1,0,1
BRDA:16,1,1,0
BRDA:24,2,0,0
BRDA:24,2,1,0
BRF:6
BRH:2
end_of_record
TN:
SF:src\.internal\baseFor.js
FN:12,baseFor
FNF:1
FNH:1
FNDA:1,baseFor
DA:13,1
DA:14,1
DA:15,1
DA:16,1
DA:18,1
DA:19,3
DA:20,3
DA:21,0
DA:24,1
LF:9
LH:8
BRDA:20,0,0,0
BRDA:20,0,1,3
BRF:2
BRH:1
end_of_record
TN:
SF:src\.internal\baseForOwn.js
FN:12,baseForOwn
FNF:1
FNH:1
FNDA:1,baseForOwn
DA:13,1
LF:1
LH:1
BRDA:13,0,0,1
BRDA:13,0,1,1
BRF:2
BRH:2
end_of_record
TN:
SF:src\.internal\baseReduce.js
FN:14,baseReduce
FN:15,(anonymous_1)
FNF:2
FNH:2
FNDA:1,baseReduce
FNDA:3,(anonymous_1)
DA:15,1
DA:16,3
DA:20,1
LF:3
LH:3
BRDA:16,0,0,0
BRDA:16,0,1,3
BRF:2
BRH:1
end_of_record
TN:
SF:src\.internal\baseToNumber.js
FN:14,baseToNumber
FNF:1
FNH:1
FNDA:18,baseToNumber
DA:4,1
DA:15,18
DA:16,18
DA:18,0
DA:19,0
DA:21,0
LF:6
LH:3
BRDA:15,0,0,18
BRDA:15,0,1,0
BRDA:18,1,0,0
BRDA:18,1,1,0
BRF:4
BRH:1
end_of_record
TN:
SF:src\.internal\baseToString.js
FN:17,baseToString
FNF:1
FNH:1
FNDA:6,baseToString
DA:4,1
DA:7,1
DA:19,6
DA:20,4
DA:22,2
DA:24,0
DA:26,2
DA:27,0
DA:29,2
DA:30,2
LF:10
LH:8
BRDA:19,0,0,4
BRDA:19,0,1,2
BRDA:22,1,0,0
BRDA:22,1,1,2
BRDA:26,2,0,0
BRDA:26,2,1,2
BRDA:27,3,0,0
BRDA:27,3,1,0
BRDA:30,4,0,0
BRDA:30,4,1,2
BRDA:30,5,0,2
BRDA:30,5,1,0
BRF:12
BRH:6
end_of_record
TN:
SF:src\.internal\castSlice.js
FN:12,castSlice
FNF:1
FNH:0
FNDA:0,castSlice
DA:13,0
DA:14,0
DA:15,0
LF:3
LH:0
BRDA:14,0,0,0
BRDA:14,0,1,0
BRDA:15,1,0,0
BRDA:15,1,1,0
BRDA:15,2,0,0
BRDA:15,2,1,0
BRF:6
BRH:0
end_of_record
TN:
SF:src\.internal\createCaseFirst.js
FN:12,createCaseFirst
FN:13,(anonymous_1)
FNF:2
FNH:2
FNDA:1,createCaseFirst
FNDA:11,(anonymous_1)
DA:13,1
DA:14,11
DA:15,1
DA:18,10
DA:22,10
DA:26,10
DA:30,10
LF:7
LH:7
BRDA:14,0,0,1
BRDA:14,0,1,10
BRDA:18,1,0,0
BRDA:18,1,1,10
BRDA:22,2,0,0
BRDA:22,2,1,10
BRDA:26,3,0,0
BRDA:26,3,1,10
BRF:8
BRH:5
end_of_record
TN:
SF:src\.internal\createMathOperation.js
FN:12,createMathOperation
FN:13,(anonymous_1)
FNF:2
FNH:2
FNDA:1,createMathOperation
FNDA:12,(anonymous_1)
DA:13,1
DA:14,12
DA:15,0
DA:17,12
DA:18,0
DA:20,12
DA:21,0
DA:23,12
DA:24,3
DA:25,3
DA:28,9
DA:29,9
DA:31,12
LF:13
LH:10
BRDA:14,0,0,0
BRDA:14,0,1,12
BRDA:14,1,0,12
BRDA:14,1,1,0
BRDA:17,2,0,0
BRDA:17,2,1,12
BRDA:17,3,0,12
BRDA:17,3,1,12
BRDA:20,4,0,0
BRDA:20,4,1,12
BRDA:20,5,0,12
BRDA:20,5,1,12
BRDA:23,6,0,3
BRDA:23,6,1,9
BRDA:23,7,0,12
BRDA:23,7,1,10
BRF:16
BRH:12
end_of_record
TN:
SF:src\.internal\freeGlobal.js
FNF:0
FNH:0
DA:2,2
LF:1
LH:1
BRDA:2,0,0,2
BRDA:2,0,1,2
BRDA:2,0,2,2
BRDA:2,0,3,2
BRF:4
BRH:4
end_of_record
TN:
SF:src\.internal\getTag.js
FN:10,getTag
FNF:1
FNH:1
FNDA:22,getTag
DA:1,6
DA:11,22
DA:12,0
DA:14,22
LF:4
LH:3
BRDA:11,0,0,0
BRDA:11,0,1,22
BRDA:12,1,0,0
BRDA:12,1,1,0
BRF:4
BRH:1
end_of_record
TN:
SF:src\.internal\hasUnicode.js
FN:24,hasUnicode
FNF:1
FNH:1
FNDA:10,hasUnicode
DA:2,1
DA:3,1
DA:4,1
DA:5,1
DA:6,1
DA:7,1
DA:8,1
DA:9,1
DA:12,1
DA:15,1
DA:25,10
LF:11
LH:11
BRF:0
BRH:0
end_of_record
TN:
SF:src\.internal\isIndex.js
FN:15,isIndex
FNF:1
FNH:0
FNDA:0,isIndex
DA:2,1
DA:5,1
DA:16,0
DA:17,0
DA:19,0
LF:5
LH:2
BRDA:17,0,0,0
BRDA:17,0,1,0
BRDA:19,1,0,0
BRDA:19,1,1,0
BRDA:19,1,2,0
BRDA:19,1,3,0
BRDA:19,1,4,0
BRDA:19,1,5,0
BRDA:19,1,6,0
BRF:9
BRH:0
end_of_record
TN:
SF:src\.internal\isPrototype.js
FN:11,isPrototype
FNF:1
FNH:1
FNDA:10,isPrototype
DA:2,1
DA:12,10
DA:13,10
DA:15,10
LF:4
LH:4
BRDA:12,0,0,10
BRDA:12,0,1,7
BRDA:13,1,0,10
BRDA:13,1,1,7
BRDA:13,1,2,3
BRF:5
BRH:5
end_of_record
TN:
SF:src\.internal\nodeTypes.js
FN:16,(anonymous_0)
FNF:1
FNH:1
FNDA:2,(anonymous_0)
DA:4,2
DA:7,2
DA:10,2
DA:13,2
DA:16,2
DA:17,2
DA:20,2
DA:21,2
LF:8
LH:8
BRDA:4,0,0,2
BRDA:4,0,1,0
BRDA:4,0,2,0
BRDA:4,0,3,0
BRDA:7,1,0,2
BRDA:7,1,1,0
BRDA:7,1,2,0
BRDA:7,1,3,0
BRDA:7,1,4,0
BRDA:10,2,0,2
BRDA:10,2,1,0
BRDA:13,3,0,2
BRDA:13,3,1,0
BRDA:20,4,0,2
BRDA:20,4,1,0
BRDA:20,4,2,0
BRDA:21,5,0,0
BRDA:21,5,1,2
BRDA:24,6,0,2
BRDA:24,6,1,0
BRDA:24,6,2,0
BRF:21
BRH:7
end_of_record
TN:
SF:src\.internal\root.js
FNF:0
FNH:0
DA:5,2
DA:8,2
DA:11,2
LF:3
LH:3
BRDA:5,0,0,2
BRDA:5,0,1,2
BRDA:5,0,2,2
BRDA:5,0,3,2
BRDA:8,1,0,2
BRDA:8,1,1,0
BRDA:8,1,2,0
BRDA:8,1,3,0
BRDA:11,2,0,2
BRDA:11,2,1,0
BRDA:11,2,2,0
BRDA:11,2,3,0
BRF:12
BRH:6
end_of_record
TN:
SF:src\.internal\stringToArray.js
FN:12,stringToArray
FNF:1
FNH:0
FNDA:0,stringToArray
DA:13,0
LF:1
LH:0
BRDA:13,0,0,0
BRDA:13,0,1,0
BRF:2
BRH:0
end_of_record
TN:
SF:src\.internal\unicodeToArray.js
FN:39,unicodeToArray
FNF:1
FNH:0
FNDA:0,unicodeToArray
DA:2,1
DA:3,1
DA:4,1
DA:5,1
DA:6,1
DA:7,1
DA:8,1
DA:9,1
DA:12,1
DA:13,1
DA:14,1
DA:15,1
DA:16,1
DA:17,1
DA:18,1
DA:19,1
DA:22,1
DA:23,1
DA:24,1
DA:25,1
DA:26,1
DA:27,1
DA:30,1
DA:40,0
LF:24
LH:23
BRDA:40,0,0,0
BRDA:40,0,1,0
BRF:2
BRH:0
end_of_record
TN:
SF:src\.internal\unicodeWords.js
FN:66,unicodeWords
FNF:1
FNH:1
FNDA:10,unicodeWords
DA:2,1
DA:3,1
DA:4,1
DA:5,1
DA:6,1
DA:7,1
DA:8,1
DA:9,1
DA:10,1
DA:11,1
DA:12,1
DA:13,1
DA:14,1
DA:15,1
DA:16,1
DA:17,1
DA:20,1
DA:21,1
DA:22,1
DA:23,1
DA:24,1
DA:25,1
DA:26,1
DA:27,1
DA:28,1
DA:29,1
DA:30,1
DA:31,1
DA:32,1
DA:33,1
DA:36,1
DA:37,1
DA:38,1
DA:39,1
DA:40,1
DA:41,1
DA:42,1
DA:43,1
DA:44,1
DA:45,1
DA:46,1
DA:48,1
DA:67,10
LF:43
LH:43
BRF:0
BRH:0
end_of_record
